Using pre-set license
Built from '2020.3/staging' branch; Version is '2020.3.21f1 (a38c86f6690f) revision 10718342'; Using compiler version '192528614'; Build Type 'Release'
OS: 'Windows 10 Enterprise; OS build 19043.1348; Version 2009; 64bit' Language: 'pt' Physical Memory: 16180 MB
BatchMode: 1, IsHumanControllingUs: 0, StartBugReporterOnCrash: 0, Is64bit: 1, IsPro: 0

COMMAND LINE ARGUMENTS:
C:\Program Files\Unity\Hub\Editor\2020.3.21f1\Editor\Unity.exe
-adb2
-batchMode
-noUpm
-name
AssetImportWorker0
-projectPath
C:/Users/a040425/Documents/GitHub/CGS/New Unity Project
-logFile
Logs/AssetImportWorker0.log
-srvPort
59962
Successfully changed project path to: C:/Users/a040425/Documents/GitHub/CGS/New Unity Project
C:/Users/a040425/Documents/GitHub/CGS/New Unity Project
Using Asset Import Pipeline V2.
Refreshing native plugins compatible for Editor in 27.06 ms, found 2 plugins.
Preloading 0 native plugins for Editor in 0.00 ms.
Initialize engine version: 2020.3.21f1 (a38c86f6690f)
[Subsystems] Discovering subsystems at path C:/Program Files/Unity/Hub/Editor/2020.3.21f1/Editor/Data/Resources/UnitySubsystems
[Subsystems] Discovering subsystems at path C:/Users/a040425/Documents/GitHub/CGS/New Unity Project/Assets
GfxDevice: creating device client; threaded=0
Direct3D:
    Version:  Direct3D 11.0 [level 11.1]
    Renderer: AMD Radeon RX 550 (ID=0x699f)
    Vendor:   
    VRAM:     4041 MB
    Driver:   27.20.11044.8003
Initialize mono
Mono path[0] = 'C:/Program Files/Unity/Hub/Editor/2020.3.21f1/Editor/Data/Managed'
Mono path[1] = 'C:/Program Files/Unity/Hub/Editor/2020.3.21f1/Editor/Data/MonoBleedingEdge/lib/mono/unityjit'
Mono config path = 'C:/Program Files/Unity/Hub/Editor/2020.3.21f1/Editor/Data/MonoBleedingEdge/etc'
Using monoOptions --debugger-agent=transport=dt_socket,embedding=1,server=y,suspend=n,address=127.0.0.1:56044
Begin MonoManager ReloadAssembly
Registering precompiled unity dll's ...
Register platform support module: C:/Program Files/Unity/Hub/Editor/2020.3.21f1/Editor/Data/PlaybackEngines/WindowsStandaloneSupport/UnityEditor.WindowsStandalone.Extensions.dll
Registered in 0.001657 seconds.
Native extension for WindowsStandalone target not found
Refreshing native plugins compatible for Editor in 25.20 ms, found 2 plugins.
Preloading 0 native plugins for Editor in 0.00 ms.
Mono: successfully reloaded assembly
- Completed reload, in  1.606 seconds
Domain Reload Profiling:
	ReloadAssembly (1606ms)
		BeginReloadAssembly (46ms)
			ExecutionOrderSort (0ms)
			DisableScriptedObjects (0ms)
			BackupInstance (0ms)
			ReleaseScriptingObjects (0ms)
			CreateAndSetChildDomain (1ms)
		EndReloadAssembly (358ms)
			LoadAssemblies (44ms)
			RebuildTransferFunctionScriptingTraits (0ms)
			SetupTypeCache (126ms)
			ReleaseScriptCaches (0ms)
			RebuildScriptCaches (26ms)
			SetupLoadedEditorAssemblies (126ms)
				LogAssemblyErrors (0ms)
				InitializePlatformSupportModulesInManaged (3ms)
				SetLoadedEditorAssemblies (0ms)
				RefreshPlugins (25ms)
				BeforeProcessingInitializeOnLoad (7ms)
				ProcessInitializeOnLoadAttributes (67ms)
				ProcessInitializeOnLoadMethodAttributes (23ms)
				AfterProcessingInitializeOnLoad (0ms)
				EditorAssembliesLoaded (0ms)
			ExecutionOrderSort2 (0ms)
			AwakeInstancesAfterBackupRestoration (0ms)
Platform modules already initialized, skipping
Registering precompiled user dll's ...
Registered in 0.003841 seconds.
Begin MonoManager ReloadAssembly
Native extension for WindowsStandalone target not found
Refreshing native plugins compatible for Editor in 0.28 ms, found 2 plugins.
Preloading 0 native plugins for Editor in 0.00 ms.
Mono: successfully reloaded assembly
- Completed reload, in  0.817 seconds
Domain Reload Profiling:
	ReloadAssembly (817ms)
		BeginReloadAssembly (119ms)
			ExecutionOrderSort (0ms)
			DisableScriptedObjects (4ms)
			BackupInstance (0ms)
			ReleaseScriptingObjects (0ms)
			CreateAndSetChildDomain (16ms)
		EndReloadAssembly (646ms)
			LoadAssemblies (69ms)
			RebuildTransferFunctionScriptingTraits (0ms)
			SetupTypeCache (228ms)
			ReleaseScriptCaches (0ms)
			RebuildScriptCaches (33ms)
			SetupLoadedEditorAssemblies (241ms)
				LogAssemblyErrors (0ms)
				InitializePlatformSupportModulesInManaged (4ms)
				SetLoadedEditorAssemblies (0ms)
				RefreshPlugins (0ms)
				BeforeProcessingInitializeOnLoad (46ms)
				ProcessInitializeOnLoadAttributes (177ms)
				ProcessInitializeOnLoadMethodAttributes (8ms)
				AfterProcessingInitializeOnLoad (5ms)
				EditorAssembliesLoaded (0ms)
			ExecutionOrderSort2 (0ms)
			AwakeInstancesAfterBackupRestoration (5ms)
Platform modules already initialized, skipping
========================================================================
Worker process is ready to serve import requests
Launched and connected shader compiler UnityShaderCompiler.exe after 0.06 seconds
Refreshing native plugins compatible for Editor in 0.27 ms, found 2 plugins.
Preloading 0 native plugins for Editor in 0.00 ms.
Unloading 1488 Unused Serialized files (Serialized files now loaded: 0)
System memory in use before: 67.1 MB.
System memory in use after: 67.2 MB.

Unloading 19 unused Assets to reduce memory usage. Loaded Objects now: 1920.
Total: 2.621900 ms (FindLiveObjects: 0.129600 ms CreateObjectMapping: 0.035100 ms MarkObjects: 2.403200 ms  DeleteObjects: 0.053000 ms)

AssetImportParameters requested are different than current active one (requested -> active):
  custom:framework-win-MediaFoundation: 216162199b28c13a410421893ffa2e32 -> 
  custom:video-decoder-ogg-theora: a1e56fd34408186e4bbccfd4996cb3dc -> 
  custom:container-muxer-webm: aa71ff27fc2769a1b78a27578f13a17b -> 
  custom:container-demuxer-webm: 4f35f7cbe854078d1ac9338744f61a02 -> 
  custom:container-demuxer-ogg: 62fdf1f143b41e24485cea50d1cbac27 -> 
  custom:video-encoder-webm-vp8: eb34c28f22e8b96e1ab97ce403110664 -> 
  custom:video-decoder-webm-vp8: 9c59270c3fd7afecdb556c50c9e8de78 -> 
  custom:audio-decoder-ogg-vorbis: bf7c407c2cedff20999df2af8eb42d56 -> 
  custom:audio-encoder-webm-vorbis: bf7c407c2cedff20999df2af8eb42d56 -> 
========================================================================
Received Import Request.
  path: Assets
  artifactKey: Guid(00000000000000001000000000000000) Importer(815301076,1909f56bfc062723c751e8b465ee728b)
Start importing Assets using Guid(00000000000000001000000000000000) Importer(815301076,1909f56bfc062723c751e8b465ee728b)  -> (artifact id: '42d402b061de3733987d63b9cc3b64de') in 0.007994 seconds 
  Import took 0.010079 seconds .

========================================================================
Received Import Request.
  Time since last request: 93.981755 seconds.
  path: Assets/New Terrain.asset
  artifactKey: Guid(ef40f1ae52b1d8d44acb3347693e449a) Importer(815301076,1909f56bfc062723c751e8b465ee728b)
Start importing Assets/New Terrain.asset using Guid(ef40f1ae52b1d8d44acb3347693e449a) Importer(815301076,1909f56bfc062723c751e8b465ee728b)  -> (artifact id: 'c259b5cc652cd6ffe1959ec3478e9ebc') in 0.051356 seconds 
  Import took 0.053772 seconds .

========================================================================
Received Import Request.
  Time since last request: 399.586818 seconds.
  path: Assets/TerrainData_063b71e7-29df-42dd-ba31-60ddf350814a.asset
  artifactKey: Guid(9cb81b2c6302448418cced8c0df22ba1) Importer(815301076,1909f56bfc062723c751e8b465ee728b)
Start importing Assets/TerrainData_063b71e7-29df-42dd-ba31-60ddf350814a.asset using Guid(9cb81b2c6302448418cced8c0df22ba1) Importer(815301076,1909f56bfc062723c751e8b465ee728b)  -> (artifact id: '3e3e7f37d47714a37d70eae97a071607') in 0.009593 seconds 
  Import took 0.012051 seconds .

========================================================================
Received Import Request.
  Time since last request: 1.563188 seconds.
  path: Assets/TerrainData_01e4aa58-221f-4860-b6f4-3cfef0e30690.asset
  artifactKey: Guid(4b015ce2227ff5440b528b2c522bbc94) Importer(815301076,1909f56bfc062723c751e8b465ee728b)
Start importing Assets/TerrainData_01e4aa58-221f-4860-b6f4-3cfef0e30690.asset using Guid(4b015ce2227ff5440b528b2c522bbc94) Importer(815301076,1909f56bfc062723c751e8b465ee728b)  -> (artifact id: '945dba91a755b8be1ca1f9cc7460f949') in 0.009421 seconds 
  Import took 0.011466 seconds .

========================================================================
Received Import Request.
  Time since last request: 0.496982 seconds.
  path: Assets/TerrainData_98491e00-88ed-42e2-aa71-eeee27db8a5e.asset
  artifactKey: Guid(2d8ab85587f1e4946ad8bc881f1330ad) Importer(815301076,1909f56bfc062723c751e8b465ee728b)
Start importing Assets/TerrainData_98491e00-88ed-42e2-aa71-eeee27db8a5e.asset using Guid(2d8ab85587f1e4946ad8bc881f1330ad) Importer(815301076,1909f56bfc062723c751e8b465ee728b)  -> (artifact id: '9c12165434e9521ee19f2908c0c6457e') in 0.009431 seconds 
  Import took 0.011525 seconds .

========================================================================
Received Import Request.
  Time since last request: 1708.009288 seconds.
  path: Assets/New Terrain.asset
  artifactKey: Guid(ef40f1ae52b1d8d44acb3347693e449a) Importer(815301076,1909f56bfc062723c751e8b465ee728b)
Start importing Assets/New Terrain.asset using Guid(ef40f1ae52b1d8d44acb3347693e449a) Importer(815301076,1909f56bfc062723c751e8b465ee728b)  -> (artifact id: '1187a6d8e5902aafee051b7387624e08') in 0.006335 seconds 
  Import took 0.008915 seconds .

========================================================================
Received Import Request.
  Time since last request: 0.000189 seconds.
  path: Assets/TerrainData_98491e00-88ed-42e2-aa71-eeee27db8a5e.asset
  artifactKey: Guid(2d8ab85587f1e4946ad8bc881f1330ad) Importer(815301076,1909f56bfc062723c751e8b465ee728b)
Start importing Assets/TerrainData_98491e00-88ed-42e2-aa71-eeee27db8a5e.asset using Guid(2d8ab85587f1e4946ad8bc881f1330ad) Importer(815301076,1909f56bfc062723c751e8b465ee728b)  -> (artifact id: '7b24217e25e6c755e51ddd220f2597b1') in 0.006032 seconds 
  Import took 0.007848 seconds .

AssetImportWorkerClient::OnTransportError - code=2 error=End of file
